0 info it worked if it ends with ok
1 verbose cli [ 'C:\\Program Files\\nodejs\\node.exe',
1 verbose cli   'C:\\Program Files\\nodejs\\node_modules\\npm\\bin\\npm-cli.js',
1 verbose cli   'rebuild',
1 verbose cli   'node-sass' ]
2 info using npm@3.10.10
3 info using node@v6.10.2
4 info readInstalled object
5 verbose rebuild path, id [ 'D:\\lar\\www\\gol\\node_modules\\node-sass',
5 verbose rebuild   'node-sass@3.4.2' ]
6 silly rebuild set [ 'D:\\lar\\www\\gol\\node_modules\\node-sass' ]
7 info build D:\lar\www\gol\node_modules\node-sass
8 info lifecycle node-sass@3.4.2~preinstall: node-sass@3.4.2
9 silly lifecycle node-sass@3.4.2~preinstall: no script for preinstall, continuing
10 info linkStuff node-sass@3.4.2
11 silly linkStuff node-sass@3.4.2 has D:\lar\www\gol\node_modules as its parent node_modules
12 verbose linkBins node-sass@3.4.2
13 verbose link bins [ { 'node-sass': 'bin/node-sass' },
13 verbose link bins   'D:\\lar\\www\\gol\\node_modules\\.bin',
13 verbose link bins   false ]
14 verbose linkMans node-sass@3.4.2
15 verbose rebuildBundles node-sass@3.4.2
16 info lifecycle node-sass@3.4.2~install: node-sass@3.4.2
17 verbose lifecycle node-sass@3.4.2~install: unsafe-perm in lifecycle true
18 verbose lifecycle node-sass@3.4.2~install: PATH: C:\Program Files\nodejs\node_modules\npm\bin\node-gyp-bin;D:\lar\www\gol\node_modules\node-sass\node_modules\.bin;D:\lar\www\gol\node_modules\.bin;C:\ProgramData\Oracle\Java\javapath;C:\Windows\system32;C:\Windows;C:\Windows\System32\Wbem;C:\Windows\System32\WindowsPowerShell\v1.0\;C:\Program Files (x86)\NVIDIA Corporation\PhysX\Common;C:\Program Files\MongoDB\Server\3.4\bin;C:\Python27;C:\Program Files\Git\cmd;C:\ninja;C:\Program Files\Microsoft\Web Platform Installer\;C:\Program Files (x86)\Microsoft ASP.NET\ASP.NET Web Pages\v1.0\;C:\Windows\system32\config\systemprofile\.dnx\bin;C:\Program Files\Microsoft DNX\Dnvm\;C:\Program Files (x86)\Windows Kits\8.1\Windows Performance Toolkit\;C:\Program Files\Microsoft SQL Server\120\Tools\Binn\;C:\Program Files\Microsoft SQL Server\130\Tools\Binn\;C:\Users\AraNote\AppData\Roaming\nvm;C:\Program Files\nodejs;C:\Program Files\nodejs\;D:\gr\node_modules\.bin;C:\Program Files (x86)\MSBuild\14.0\Bin;C:\Users\TEMP\AppData\Roaming\npm\node_modules\sails;D:\lar\bin\php\php-5.6.16;C:\ProgramData\ComposerSetup\bin;C:\Program Files\MongoDB\Server\3.4\bin;C:\Users\AraNote\AppData\Local\Android\sdk\platform-tools;C:\Program Files\Java\jdk1.8.0_121\bin;C:\Users\AraNote\.dnx\bin;C:\Users\AraNote\AppData\Local\atom\bin;C:\Users\AraNote\AppData\Roaming\nvm;C:\Program Files\nodejs;C:\Users\AraNote\AppData\Roaming\npm;C:\Users\AraNote\AppData\Roaming\Composer\vendor\bin
19 verbose lifecycle node-sass@3.4.2~install: CWD: D:\lar\www\gol\node_modules\node-sass
20 silly lifecycle node-sass@3.4.2~install: Args: [ '/d /s /c', 'node scripts/install.js' ]
21 silly lifecycle node-sass@3.4.2~install: Returned: code: 0  signal: null
22 info lifecycle node-sass@3.4.2~postinstall: node-sass@3.4.2
23 verbose lifecycle node-sass@3.4.2~postinstall: unsafe-perm in lifecycle true
24 verbose lifecycle node-sass@3.4.2~postinstall: PATH: C:\Program Files\nodejs\node_modules\npm\bin\node-gyp-bin;D:\lar\www\gol\node_modules\node-sass\node_modules\.bin;D:\lar\www\gol\node_modules\.bin;C:\ProgramData\Oracle\Java\javapath;C:\Windows\system32;C:\Windows;C:\Windows\System32\Wbem;C:\Windows\System32\WindowsPowerShell\v1.0\;C:\Program Files (x86)\NVIDIA Corporation\PhysX\Common;C:\Program Files\MongoDB\Server\3.4\bin;C:\Python27;C:\Program Files\Git\cmd;C:\ninja;C:\Program Files\Microsoft\Web Platform Installer\;C:\Program Files (x86)\Microsoft ASP.NET\ASP.NET Web Pages\v1.0\;C:\Windows\system32\config\systemprofile\.dnx\bin;C:\Program Files\Microsoft DNX\Dnvm\;C:\Program Files (x86)\Windows Kits\8.1\Windows Performance Toolkit\;C:\Program Files\Microsoft SQL Server\120\Tools\Binn\;C:\Program Files\Microsoft SQL Server\130\Tools\Binn\;C:\Users\AraNote\AppData\Roaming\nvm;C:\Program Files\nodejs;C:\Program Files\nodejs\;D:\gr\node_modules\.bin;C:\Program Files (x86)\MSBuild\14.0\Bin;C:\Users\TEMP\AppData\Roaming\npm\node_modules\sails;D:\lar\bin\php\php-5.6.16;C:\ProgramData\ComposerSetup\bin;C:\Program Files\MongoDB\Server\3.4\bin;C:\Users\AraNote\AppData\Local\Android\sdk\platform-tools;C:\Program Files\Java\jdk1.8.0_121\bin;C:\Users\AraNote\.dnx\bin;C:\Users\AraNote\AppData\Local\atom\bin;C:\Users\AraNote\AppData\Roaming\nvm;C:\Program Files\nodejs;C:\Users\AraNote\AppData\Roaming\npm;C:\Users\AraNote\AppData\Roaming\Composer\vendor\bin
25 verbose lifecycle node-sass@3.4.2~postinstall: CWD: D:\lar\www\gol\node_modules\node-sass
26 silly lifecycle node-sass@3.4.2~postinstall: Args: [ '/d /s /c', 'node scripts/build.js' ]
27 silly lifecycle node-sass@3.4.2~postinstall: Returned: code: 1  signal: null
28 info lifecycle node-sass@3.4.2~postinstall: Failed to exec postinstall script
29 verbose stack Error: node-sass@3.4.2 postinstall: `node scripts/build.js`
29 verbose stack Exit status 1
29 verbose stack     at EventEmitter.<anonymous> (C:\Program Files\nodejs\node_modules\npm\lib\utils\lifecycle.js:255:16)
29 verbose stack     at emitTwo (events.js:106:13)
29 verbose stack     at EventEmitter.emit (events.js:191:7)
29 verbose stack     at ChildProcess.<anonymous> (C:\Program Files\nodejs\node_modules\npm\lib\utils\spawn.js:40:14)
29 verbose stack     at emitTwo (events.js:106:13)
29 verbose stack     at ChildProcess.emit (events.js:191:7)
29 verbose stack     at maybeClose (internal/child_process.js:886:16)
29 verbose stack     at Process.ChildProcess._handle.onexit (internal/child_process.js:226:5)
30 verbose pkgid node-sass@3.4.2
31 verbose cwd D:\lar\www\gol
32 error Windows_NT 10.0.10586
33 error argv "C:\\Program Files\\nodejs\\node.exe" "C:\\Program Files\\nodejs\\node_modules\\npm\\bin\\npm-cli.js" "rebuild" "node-sass"
34 error node v6.10.2
35 error npm  v3.10.10
36 error code ELIFECYCLE
37 error node-sass@3.4.2 postinstall: `node scripts/build.js`
37 error Exit status 1
38 error Failed at the node-sass@3.4.2 postinstall script 'node scripts/build.js'.
38 error Make sure you have the latest version of node.js and npm installed.
38 error If you do, this is most likely a problem with the node-sass package,
38 error not with npm itself.
38 error Tell the author that this fails on your system:
38 error     node scripts/build.js
38 error You can get information on how to open an issue for this project with:
38 error     npm bugs node-sass
38 error Or if that isn't available, you can get their info via:
38 error     npm owner ls node-sass
38 error There is likely additional logging output above.
39 verbose exit [ 1, true ]
